<?xml version="1.0" encoding="UTF-8"?>
<!-- Generated by org.testng.reporters.JUnitReportReporter -->
<testsuite skipped="0" hostname="HW2247" name="com.web.automation.scripts.CreateCustomer" tests="1" failures="0" timestamp="30 Apr 2018 04:32:39 GMT" time="122.367" errors="0">
  <testcase name="CreateCustomer" time="122.367" classname="com.web.automation.scripts.CreateCustomer"/>
</testsuite> <!-- com.web.automation.scripts.CreateCustomer -->
