<?xml version="1.0" encoding="UTF-8"?>
<!-- Generated by org.testng.reporters.JUnitReportReporter -->
<testsuite skipped="0" hostname="HW2247" name="com.web.automation.scripts.CreateCustomer" tests="1" failures="0" timestamp="27 Apr 2018 07:00:20 GMT" time="105.961" errors="0">
  <testcase name="CreateCustomer" time="105.961" classname="com.web.automation.scripts.CreateCustomer"/>
</testsuite> <!-- com.web.automation.scripts.CreateCustomer -->
