<?xml version="1.0" encoding="UTF-8"?>
<!-- Generated by org.testng.reporters.JUnitReportReporter -->
<testsuite skipped="0" hostname="HW2247" name="com.web.automation.scripts.CreateJournal" tests="1" failures="0" timestamp="30 Apr 2018 04:32:39 GMT" time="141.083" errors="0">
  <testcase name="CreateJournal" time="141.083" classname="com.web.automation.scripts.CreateJournal"/>
</testsuite> <!-- com.web.automation.scripts.CreateJournal -->
